<?xml version="1.0" encoding="UTF-8" ?>
<testsuite errors="0" failures="0" hostname="warsteiner" name="AccountControllerTests" tests="1" time="0.347" timestamp="2009-05-25T10:26:02">
  <properties />
  <testcase classname="AccountControllerTests" name="testSomething" time="0.347" />
  <system-out><![CDATA[--Output from testSomething--
]]></system-out>
  <system-err><![CDATA[--Output from testSomething--
]]></system-err>
</testsuite>
