<?xml version="1.0" encoding="UTF-8" ?>
<testsuite errors="0" failures="0" hostname="warsteiner" name="AccountTests" tests="1" time="0.0030" timestamp="2009-05-25T10:26:03">
  <properties />
  <testcase classname="AccountTests" name="testSomething" time="0.0030" />
  <system-out><![CDATA[--Output from testSomething--
]]></system-out>
  <system-err><![CDATA[--Output from testSomething--
]]></system-err>
</testsuite>
